<?xml version="1.0" encoding="UTF-8"?>
<testng-results skipped="0" failed="0" ignored="0" total="1" passed="1">
  <reporter-output>
  </reporter-output>
  <suite name="Default suite" duration-ms="27040" started-at="2020-08-14T12:54:14Z" finished-at="2020-08-14T12:54:41Z">
    <groups>
    </groups>
    <test name="Default test" duration-ms="27040" started-at="2020-08-14T12:54:14Z" finished-at="2020-08-14T12:54:41Z">
      <class name="SeleniumEasy.Calendar">
        <test-method status="PASS" signature="setUP2()[pri:0, instance:SeleniumEasy.Calendar@4f51b3e0]" name="setUP2" is-config="true" duration-ms="16442" started-at="2020-08-14T12:54:14Z" finished-at="2020-08-14T12:54:31Z">
          <reporter-output>
          </reporter-output>
        </test-method> <!-- setUP2 -->
        <test-method status="PASS" signature="bootStrapDatePicker()[pri:0, instance:SeleniumEasy.Calendar@4f51b3e0]" name="bootStrapDatePicker" duration-ms="7567" started-at="2020-08-14T12:54:31Z" finished-at="2020-08-14T12:54:38Z">
          <reporter-output>
          </reporter-output>
        </test-method> <!-- bootStrapDatePicker -->
        <test-method status="PASS" signature="tearDown1(org.testng.ITestResult)[pri:0, instance:SeleniumEasy.Calendar@4f51b3e0]" name="tearDown1" is-config="true" duration-ms="3003" started-at="2020-08-14T12:54:38Z" finished-at="2020-08-14T12:54:41Z">
          <params>
            <param index="0">
              <value>
                <![CDATA[[TestResult name=bootStrapDatePicker status=SUCCESS method=Calendar.bootStrapDatePicker()[pri:0, instance:SeleniumEasy.Calendar@4f51b3e0] output={null}]]]>
              </value>
            </param>
          </params>
          <reporter-output>
          </reporter-output>
        </test-method> <!-- tearDown1 -->
      </class> <!-- SeleniumEasy.Calendar -->
    </test> <!-- Default test -->
  </suite> <!-- Default suite -->
</testng-results>
